#-----------------------------------------------------------
# Vivado v2015.4 (64-bit)
# SW Build 1412921 on Wed Nov 18 09:43:45 MST 2015
# IP Build 1412160 on Tue Nov 17 13:47:24 MST 2015
# Start of session at: Sat Oct 20 10:57:35 2018
# Process ID: 21468
# Current directory: C:/Users/WANGHONGYI/Desktop/zynq/led
# Command line: vivado.exe -gui_launcher_event rodinguilauncherevent20296 C:\Users\WANGHONGYI\Desktop\zynq\led\led.xpr
# Log file: C:/Users/WANGHONGYI/Desktop/zynq/led/vivado.log
# Journal file: C:/Users/WANGHONGYI/Desktop/zynq/led\vivado.jou
#-----------------------------------------------------------
start_gui
open_project C:/Users/WANGHONGYI/Desktop/zynq/led/led.xpr
Scanning sources...
Finished scanning sources
INFO: [IP_Flow 19-234] Refreshing IP repositories
INFO: [IP_Flow 19-1704] No user IP repositories specified
INFO: [IP_Flow 19-2313] Loaded Vivado IP repository 'C:/Xilinx/Vivado/2015.4/data/ip'.
open_project: Time (s): cpu = 00:00:13 ; elapsed = 00:00:08 . Memory (MB): peak = 736.965 ; gain = 136.746
exit
INFO: [Common 17-206] Exiting Vivado at Sat Oct 20 10:58:44 2018...
